     1	    Latency   664.44ms   64.32ms 788.99ms   62.89%
     2	    Latency   198.85ms  106.80ms 432.90ms   61.30%
     3	    Latency   165.22ms   89.73ms 374.02ms   62.32%
     4	    Latency    33.41ms   24.38ms 130.62ms   73.42%
     5	    Latency     6.74ms    6.27ms  46.53ms   89.67%
     6	    Latency     7.53ms    8.57ms  59.74ms   89.42%
     7	    Latency     7.01ms    7.49ms  66.94ms   90.70%
     8	    Latency     8.27ms    9.53ms  54.18ms   88.00%
     9	    Latency     5.82ms    5.13ms  42.78ms   91.71%
    10	    Latency     4.98ms    4.36ms  37.28ms   92.48%
    11	    Latency     4.68ms    3.69ms  38.46ms   92.50%
    12	    Latency     4.24ms    2.41ms  21.65ms   82.25%
    13	    Latency     4.01ms    1.74ms  12.33ms   73.93%
    14	    Latency     3.96ms    1.79ms  10.85ms   75.69%
    15	    Latency     5.25ms    6.55ms  49.86ms   94.25%
    16	    Latency     3.69ms    1.61ms  13.16ms   77.00%
    17	    Latency     3.61ms    1.47ms  11.53ms   74.50%
    18	    Latency     3.65ms    1.63ms  10.34ms   72.75%
    19	    Latency     2.98ms    1.00ms   8.89ms   76.00%
    20	    Latency     2.94ms  762.29us   7.96ms   76.75%
