     1	    Latency   696.06ms   72.84ms 835.07ms   52.56%
     2	    Latency   199.13ms  111.49ms 456.96ms   61.18%
     3	    Latency   163.90ms   97.04ms 398.08ms   62.01%
     4	    Latency   116.45ms   62.13ms 286.21ms   64.52%
     5	    Latency     7.83ms    6.46ms  48.32ms   86.18%
     6	    Latency    14.19ms   14.28ms  74.88ms   83.67%
     7	    Latency    11.42ms   10.28ms  59.07ms   86.65%
     8	    Latency     9.84ms    9.01ms  54.82ms   87.82%
     9	    Latency     6.37ms    5.76ms  39.74ms   88.47%
    10	    Latency     8.01ms    6.75ms  38.43ms   87.22%
    11	    Latency     6.38ms    4.89ms  33.06ms   88.47%
    12	    Latency     6.16ms    4.03ms  25.81ms   78.84%
    13	    Latency     5.41ms    3.41ms  19.76ms   77.94%
    14	    Latency     5.60ms    3.19ms  18.05ms   75.82%
    15	    Latency     7.09ms    7.93ms  53.06ms   90.18%
    16	    Latency     4.83ms    2.96ms  20.48ms   81.20%
    17	    Latency     4.82ms    2.77ms  19.02ms   78.14%
    18	    Latency     4.49ms    2.56ms  17.34ms   82.37%
    19	    Latency     4.67ms    2.54ms  15.08ms   75.88%
    20	    Latency     4.35ms    2.37ms  19.36ms   82.71%
    21	    Latency     4.63ms    2.49ms  15.06ms   76.75%
    22	    Latency     4.29ms    2.27ms  16.56ms   74.94%
    23	    Latency     4.56ms    2.72ms  20.02ms   82.00%
    24	    Latency     4.61ms    2.73ms  20.74ms   80.00%
    25	    Latency     6.99ms    8.60ms  60.51ms   92.50%
    26	    Latency     4.52ms    2.54ms  16.53ms   80.45%
    27	    Latency     4.06ms    2.01ms  13.66ms   76.94%
    28	    Latency     4.20ms    2.12ms  13.69ms   77.00%
    29	    Latency     3.59ms    1.85ms  12.20ms   78.50%
    30	    Latency     3.48ms    1.60ms  10.03ms   72.86%
    31	    Latency     2.79ms  584.87us   5.00ms   68.25%
    32	    Latency     2.76ms  739.32us   7.96ms   75.75%
    33	    Latency     2.89ms  486.76us   4.19ms   75.50%
    34	    Latency     3.07ms    2.18ms  26.56ms   96.75%
    35	    Latency     2.86ms  724.44us   8.04ms   81.75%
    36	    Latency     2.76ms    0.91ms   8.25ms   83.00%
    37	    Latency     2.83ms  530.88us   4.35ms   75.25%
    38	    Latency     2.74ms  778.14us  10.05ms   79.50%
    39	    Latency     2.91ms  742.80us   8.80ms   83.25%
    40	    Latency     3.09ms    1.16ms   9.46ms   84.50%
    41	    Latency     2.73ms  575.48us   4.84ms   72.00%
    42	    Latency     2.68ms  604.37us   4.58ms   66.00%
    43	    Latency     3.09ms    2.01ms  21.86ms   97.00%
    44	    Latency     2.76ms  604.73us   4.30ms   69.25%
    45	    Latency     2.75ms  762.68us   8.42ms   79.00%
    46	    Latency     2.92ms  613.02us   7.17ms   80.75%
    47	    Latency     2.63ms  626.90us   4.31ms   64.00%
    48	    Latency     2.83ms  797.64us   9.14ms   80.25%
    49	    Latency     2.79ms  548.23us   4.21ms   71.25%
    50	    Latency     2.83ms  579.40us   4.59ms   71.00%
    51	    Latency     2.74ms  622.87us   4.58ms   65.75%
    52	    Latency     2.64ms  664.15us   4.64ms   64.00%
    53	    Latency     3.10ms    2.68ms  25.26ms   97.50%
    54	    Latency     2.84ms  500.03us   4.60ms   74.75%
    55	    Latency     2.78ms  654.12us   6.66ms   72.25%
    56	    Latency     2.83ms  548.89us   5.15ms   74.50%
    57	    Latency     2.87ms  507.31us   4.93ms   74.75%
    58	    Latency     2.77ms  574.74us   4.78ms   70.75%
    59	    Latency     2.76ms  586.02us   4.11ms   70.25%
    60	    Latency     2.82ms  509.45us   4.36ms   74.75%
    61	    Latency     2.71ms  603.90us   4.40ms   67.25%
    62	    Latency     3.18ms    2.33ms  33.06ms   97.50%
    63	    Latency     2.74ms  578.12us   4.41ms   70.50%
    64	    Latency     2.60ms  629.28us   4.52ms   65.75%
    65	    Latency     2.64ms  634.41us   4.25ms   64.25%
    66	    Latency     2.72ms  601.82us   4.56ms   70.50%
    67	    Latency     2.78ms  586.87us   5.68ms   72.75%
    68	    Latency     2.76ms  562.98us   4.33ms   70.25%
    69	    Latency     2.44ms  660.64us   4.22ms   60.25%
    70	    Latency     2.67ms  643.68us   4.83ms   67.50%
    71	    Latency     2.67ms  600.99us   4.40ms   70.00%
    72	    Latency     3.02ms    2.30ms  26.22ms   97.50%
    73	    Latency     2.85ms  572.83us   4.58ms   76.00%
    74	    Latency     2.71ms  650.70us   4.08ms   67.25%
    75	    Latency     2.69ms  620.34us   7.39ms   71.00%
    76	    Latency     2.61ms  654.64us   4.96ms   68.25%
    77	    Latency     2.80ms  599.04us   4.36ms   71.50%
    78	    Latency     2.71ms  641.72us   5.17ms   68.25%
    79	    Latency     2.82ms  578.03us   4.64ms   74.00%
    80	    Latency     2.51ms  692.32us   4.80ms   68.25%
    81	    Latency     3.29ms    2.46ms  29.73ms   97.25%
    82	    Latency     2.72ms  574.48us   4.70ms   69.25%
    83	    Latency     2.37ms  658.58us   4.16ms   61.00%
    84	    Latency     2.71ms  565.91us   4.08ms   69.75%
    85	    Latency     2.69ms  641.87us   5.13ms   67.50%
    86	    Latency     2.77ms  620.50us   4.39ms   68.25%
    87	    Latency     2.57ms  661.02us   4.07ms   64.00%
    88	    Latency     2.84ms  522.16us   4.38ms   72.50%
    89	    Latency     2.75ms  610.61us   4.56ms   69.50%
    90	    Latency     2.72ms  600.94us   4.70ms   71.50%
    91	    Latency     3.23ms    2.27ms  24.50ms   97.25%
    92	    Latency     2.65ms  694.33us   7.72ms   71.25%
    93	    Latency     2.76ms  564.73us   4.26ms   70.75%
    94	    Latency     2.66ms  612.96us   4.46ms   68.50%
    95	    Latency     2.67ms  634.27us   4.40ms   67.00%
    96	    Latency     2.60ms  649.40us   4.40ms   63.75%
    97	    Latency     2.74ms  609.54us   4.62ms   69.25%
    98	    Latency     2.49ms  600.38us   4.32ms   62.75%
    99	    Latency     2.66ms  612.02us   4.29ms   67.50%
   100	    Latency     3.12ms    2.35ms  27.14ms   97.75%
