     1	    Latency   913.72ms   31.93ms 994.82ms   72.22%
     2	    Latency   398.18ms  198.72ms 734.72ms   59.26%
     3	    Latency   354.62ms  164.92ms 687.10ms   60.18%
     4	    Latency   301.37ms  159.11ms 645.63ms   63.05%
     5	    Latency   225.56ms  122.90ms 462.08ms   58.11%
     6	    Latency   227.94ms  124.54ms 528.38ms   59.28%
     7	    Latency   194.87ms  106.20ms 447.23ms   61.87%
     8	    Latency   177.33ms   93.58ms 382.98ms   63.32%
     9	    Latency   171.81ms  101.55ms 437.50ms   58.23%
    10	    Latency   141.25ms   79.40ms 412.16ms   64.10%
    11	    Latency   157.10ms   82.47ms 368.38ms   64.79%
    12	    Latency   118.61ms   69.66ms 320.51ms   61.69%
    13	    Latency   117.03ms   67.67ms 330.24ms   64.66%
    14	    Latency   106.15ms   68.29ms 297.22ms   65.62%
    15	    Latency    99.91ms   69.61ms 278.53ms   65.57%
    16	    Latency    90.72ms   49.57ms 232.96ms   66.20%
    17	    Latency    80.07ms   58.09ms 239.74ms   66.99%
    18	    Latency    68.79ms   56.06ms 347.90ms   75.58%
    19	    Latency    70.52ms   52.62ms 229.25ms   64.18%
    20	    Latency    77.82ms   61.10ms 300.54ms   69.79%
    21	    Latency    60.28ms   40.69ms 184.19ms   64.71%
    22	    Latency    53.14ms   35.80ms 170.11ms   69.33%
    23	    Latency    43.59ms   29.44ms 137.73ms   64.64%
    24	    Latency    37.91ms   26.24ms 146.30ms   70.41%
    25	    Latency    30.06ms   21.25ms 111.23ms   67.99%
    26	    Latency    26.17ms   17.00ms 105.41ms   67.93%
    27	    Latency    22.07ms   14.98ms  98.24ms   74.32%
    28	    Latency    22.92ms   15.58ms  81.15ms   69.24%
    29	    Latency    16.56ms   10.55ms  57.47ms   69.20%
    30	    Latency    14.78ms    9.06ms  48.06ms   66.72%
    31	    Latency    13.76ms    9.46ms  54.85ms   73.99%
    32	    Latency    12.45ms    7.88ms  45.89ms   70.66%
    33	    Latency     8.81ms    6.28ms  43.71ms   80.74%
    34	    Latency     7.88ms    4.49ms  27.49ms   71.48%
    35	    Latency     7.94ms    4.95ms  28.98ms   78.82%
    36	    Latency     6.85ms    4.03ms  21.89ms   72.94%
    37	    Latency     7.20ms    4.52ms  29.23ms   75.50%
    38	    Latency     6.79ms    4.26ms  27.47ms   76.22%
    39	    Latency     9.96ms   10.86ms  61.38ms   87.88%
    40	    Latency     6.48ms    4.72ms  39.68ms   82.55%
    41	    Latency     6.09ms    3.76ms  24.26ms   75.84%
    42	    Latency     5.76ms    3.73ms  24.24ms   76.01%
    43	    Latency     5.36ms    3.58ms  26.56ms   79.87%
    44	    Latency     6.04ms    3.75ms  22.70ms   74.66%
    45	    Latency     5.72ms    3.39ms  24.29ms   73.49%
    46	    Latency     5.29ms    3.31ms  20.86ms   72.85%
    47	    Latency     5.07ms    3.19ms  24.80ms   77.18%
    48	    Latency     8.98ms   10.75ms  60.45ms   90.76%
    49	    Latency     5.06ms    3.06ms  19.60ms   73.15%
    50	    Latency     5.15ms    3.35ms  21.89ms   80.23%
    51	    Latency     4.91ms    3.24ms  23.90ms   83.64%
    52	    Latency     4.54ms    2.82ms  19.26ms   80.44%
    53	    Latency     4.58ms    3.21ms  28.34ms   86.58%
    54	    Latency     3.39ms    1.79ms  13.98ms   81.88%
    55	    Latency     3.28ms    1.26ms  12.62ms   76.01%
    56	    Latency     3.35ms    1.79ms  20.37ms   84.40%
    57	    Latency     2.95ms    0.97ms   8.39ms   72.82%
    58	    Latency     3.61ms    3.43ms  37.25ms   95.30%
    59	    Latency     3.19ms    1.49ms  14.10ms   78.19%
    60	    Latency     3.36ms    1.35ms  10.05ms   74.66%
    61	    Latency     3.17ms    1.34ms   9.83ms   77.18%
    62	    Latency     3.04ms    1.04ms   8.08ms   73.49%
    63	    Latency     3.12ms    1.08ms  11.74ms   78.52%
    64	    Latency     3.28ms    1.58ms  15.46ms   79.87%
    65	    Latency     2.76ms    0.98ms   7.92ms   73.83%
    66	    Latency     2.81ms    0.96ms   8.77ms   72.15%
    67	    Latency     3.60ms    3.40ms  26.30ms   95.30%
    68	    Latency     2.95ms    1.15ms   9.39ms   73.15%
    69	    Latency     2.97ms    1.08ms   8.12ms   73.15%
    70	    Latency     3.20ms    1.26ms  10.11ms   79.03%
    71	    Latency     2.86ms    0.88ms   7.82ms   75.84%
    72	    Latency     3.05ms    1.16ms   7.88ms   68.62%
    73	    Latency     3.36ms    1.32ms  10.17ms   76.17%
    74	    Latency     3.04ms    0.99ms   8.25ms   72.99%
    75	    Latency     2.86ms    0.93ms   8.10ms   73.66%
    76	    Latency     3.26ms    1.28ms   9.57ms   77.52%
    77	    Latency     3.85ms    3.85ms  32.43ms   93.96%
    78	    Latency     3.28ms    1.28ms   9.41ms   77.01%
    79	    Latency     3.09ms    1.14ms   8.09ms   74.33%
    80	    Latency     2.97ms    1.07ms   9.70ms   74.83%
    81	    Latency     2.86ms    0.98ms   8.05ms   74.16%
    82	    Latency     3.26ms    1.43ms  12.07ms   77.01%
    83	    Latency     3.01ms    1.03ms   8.71ms   75.17%
    84	    Latency     3.10ms    1.04ms   9.29ms   73.99%
    85	    Latency     2.92ms    1.01ms   7.92ms   71.81%
    86	    Latency     3.83ms    3.70ms  33.02ms   94.80%
    87	    Latency     3.39ms    1.40ms  10.23ms   78.36%
    88	    Latency     2.95ms    1.06ms   8.55ms   73.15%
    89	    Latency     3.12ms    1.08ms  10.60ms   80.20%
    90	    Latency     3.49ms    1.40ms  10.25ms   76.34%
    91	    Latency     3.33ms    1.36ms  10.20ms   77.35%
    92	    Latency     3.03ms    1.14ms  12.33ms   73.37%
    93	    Latency     3.02ms    0.94ms   9.33ms   78.69%
    94	    Latency     3.12ms    1.33ms  11.33ms   77.68%
    95	    Latency     3.75ms    4.19ms  37.44ms   95.59%
    96	    Latency     2.94ms    1.20ms   8.72ms   71.31%
    97	    Latency     3.39ms    1.48ms  10.66ms   80.54%
    98	    Latency     3.49ms    1.41ms  10.18ms   79.03%
    99	    Latency     3.14ms    1.26ms   9.77ms   77.85%
   100	    Latency     3.20ms    1.57ms  15.21ms   80.87%
